Added Component: Designator=P1(MHDR1X14)
Add component. Clean all parameters for all variants
Add component (AddParameter): Name = "LatestRevisionDate"; Value = "17-Jul-2002"; VariantName = "[No Variations]"
Add component (AddParameter): Name = "LatestRevisionNote"; Value = "Re-released for DXP Platform."; VariantName = "[No Variations]"
Add component (AddParameter): Name = "Publisher"; Value = "Altium Limited"; VariantName = "[No Variations]"
Added Component: Designator=P2(MHDR1X14)
Add component. Clean all parameters for all variants
Add component (AddParameter): Name = "LatestRevisionDate"; Value = "17-Jul-2002"; VariantName = "[No Variations]"
Add component (AddParameter): Name = "LatestRevisionNote"; Value = "Re-released for DXP Platform."; VariantName = "[No Variations]"
Add component (AddParameter): Name = "Publisher"; Value = "Altium Limited"; VariantName = "[No Variations]"
Added Pin To Net: NetName=GND Pin=1-A1
Added Pin To Net: NetName=Net1_A2 Pin=1-A2
Added Pin To Net: NetName=Net1_A3 Pin=1-A3
Added Pin To Net: NetName=NetC1_1 Pin=C1-1
Added Pin To Net: NetName=NetC1_2 Pin=C1-2
Added Pin To Net: NetName=GND Pin=C2-1
Added Pin To Net: NetName=NetC2_2 Pin=C2-2
Added Pin To Net: NetName=NetC3_1 Pin=C3-1
Added Pin To Net: NetName=NetC1_2 Pin=C3-2
Added Pin To Net: NetName=NetC4_1 Pin=C4-1
Added Pin To Net: NetName=NetC1_2 Pin=C4-2
Added Pin To Net: NetName=GND Pin=C5-1
Added Pin To Net: NetName=Net1_A2 Pin=C5-2
Added Pin To Net: NetName=NetC6_1 Pin=C6-1
Added Pin To Net: NetName=NetC6_2 Pin=C6-2
Added Pin To Net: NetName=NetC7_1 Pin=C7-1
Added Pin To Net: NetName=NetC7_2 Pin=C7-2
Added Pin To Net: NetName=NetC7_1 Pin=C8-1
Added Pin To Net: NetName=NetC8_2 Pin=C8-2
Added Pin To Net: NetName=GND Pin=C9-1
Added Pin To Net: NetName=NetC9_2 Pin=C9-2
Added Pin To Net: NetName=GND Pin=C10-1
Added Pin To Net: NetName=NetC10_2 Pin=C10-2
Added Pin To Net: NetName=NetC2_2 Pin=D1-1
Added Pin To Net: NetName=NetD1_2 Pin=D1-2
Added Pin To Net: NetName=GND Pin=D2-1
Added Pin To Net: NetName=NetD2_2 Pin=D2-2
Added Pin To Net: NetName=NetD2_2 Pin=L1-1
Added Pin To Net: NetName=NetC2_2 Pin=L1-2
Added Pin To Net: NetName=GND Pin=P1-1
Added Pin To Net: NetName=GND Pin=P1-2
Added Pin To Net: NetName=GND Pin=P1-3
Added Pin To Net: NetName=GND Pin=P1-4
Added Pin To Net: NetName=GND Pin=P1-5
Added Pin To Net: NetName=GND Pin=P1-6
Added Pin To Net: NetName=GND Pin=P1-7
Added Pin To Net: NetName=GND Pin=P1-8
Added Pin To Net: NetName=GND Pin=P1-9
Added Pin To Net: NetName=GND Pin=P1-10
Added Pin To Net: NetName=GND Pin=P1-11
Added Pin To Net: NetName=GND Pin=P1-12
Added Pin To Net: NetName=GND Pin=P1-13
Added Pin To Net: NetName=GND Pin=P1-14
Added Pin To Net: NetName=NetP2_8 Pin=P2-8
Added Pin To Net: NetName=NetP2_9 Pin=P2-9
Added Pin To Net: NetName=GND Pin=P2-11
Added Pin To Net: NetName=NetP2_13 Pin=P2-13
Added Pin To Net: NetName=NetP3_1 Pin=P3-1
Added Pin To Net: NetName=Net1_A2 Pin=P3-2
Added Pin To Net: NetName=NetD1_2 Pin=P3-3
Added Pin To Net: NetName=NetC9_2 Pin=P3-4
Added Pin To Net: NetName=NetD1_2 Pin=P3-5
Added Pin To Net: NetName=NetP2_13 Pin=P3-6
Added Pin To Net: NetName=NetP3_7 Pin=P3-7
Added Pin To Net: NetName=NetP3_8 Pin=P3-8
Added Pin To Net: NetName=NetP3_9 Pin=P3-9
Added Pin To Net: NetName=NetP3_10 Pin=P3-10
Added Pin To Net: NetName=NetP3_11 Pin=P3-11
Added Pin To Net: NetName=NetP2_9 Pin=P3-12
Added Pin To Net: NetName=NetP3_13 Pin=P3-13
Added Pin To Net: NetName=NetP2_8 Pin=P3-14
Added Pin To Net: NetName=Net1_A3 Pin=P3-15
Added Pin To Net: NetName=NetD1_2 Pin=P3-16
Added Pin To Net: NetName=GND Pin=P3-17
Added Pin To Net: NetName=GND Pin=P3-18
Added Pin To Net: NetName=GND Pin=P3-19
Added Pin To Net: NetName=GND Pin=P3-20
Added Pin To Net: NetName=NetP3_8 Pin=P4-1
Added Pin To Net: NetName=NetP3_10 Pin=P4-2
Added Pin To Net: NetName=GND Pin=P4-3
Added Pin To Net: NetName=NetC1_1 Pin=R1-1
Added Pin To Net: NetName=NetC2_2 Pin=R1-2
Added Pin To Net: NetName=NetC1_2 Pin=R2-1
Added Pin To Net: NetName=NetC2_2 Pin=R2-2
Added Pin To Net: NetName=Net1_A2 Pin=R3-1
Added Pin To Net: NetName=GND Pin=R3-2
Added Pin To Net: NetName=GND Pin=R4-1
Added Pin To Net: NetName=NetC1_2 Pin=R4-2
Added Pin To Net: NetName=NetC4_1 Pin=R5-1
Added Pin To Net: NetName=NetC3_1 Pin=R5-2
Added Pin To Net: NetName=NetD2_2 Pin=U1-1
Added Pin To Net: NetName=Net1_A2 Pin=U1-3
Added Pin To Net: NetName=NetC4_1 Pin=U1-4
Added Pin To Net: NetName=NetC1_2 Pin=U1-5
Added Pin To Net: NetName=GND Pin=U1-6
Added Pin To Net: NetName=GND Pin=U1-7
Added Pin To Net: NetName=Net1_A2 Pin=U1-8
Added Pin To Net: NetName=GND Pin=U1-9
Added Pin To Net: NetName=NetC7_1 Pin=U2-1
Added Pin To Net: NetName=NetC8_2 Pin=U2-2
Added Pin To Net: NetName=NetC7_2 Pin=U2-3
Added Pin To Net: NetName=NetC6_1 Pin=U2-4
Added Pin To Net: NetName=NetC6_2 Pin=U2-5
Added Pin To Net: NetName=NetC10_2 Pin=U2-6
Added Pin To Net: NetName=NetP3_9 Pin=U2-7
Added Pin To Net: NetName=NetP3_7 Pin=U2-8
Added Pin To Net: NetName=NetP3_13 Pin=U2-9
Added Pin To Net: NetName=NetP3_11 Pin=U2-10
Added Pin To Net: NetName=GND Pin=U2-15
Added Pin To Net: NetName=NetC9_2 Pin=U2-16
Added Member To Class: ClassName=Master Member=Component 1 PCIE-064-02-X-D-RA
Added Member To Class: ClassName=BoardPower Member=Component C1 CAP_2
Added Member To Class: ClassName=BoardPower Member=Component C2 CAP_1_25
Added Member To Class: ClassName=BoardPower Member=Component C3 CAP_1_17
Added Member To Class: ClassName=BoardPower Member=Component C4 CAP_1_16
Added Member To Class: ClassName=BoardPower Member=Component C5 CAP_1_21_3
Added Member To Class: ClassName=Serial Member=Component C6 CAP_1_21_4
Added Member To Class: ClassName=Serial Member=Component C7 CAP_1_21_4
Added Member To Class: ClassName=Serial Member=Component C8 CAP_1_21_4
Added Member To Class: ClassName=Serial Member=Component C9 CAP_1_21_4
Added Member To Class: ClassName=Serial Member=Component C10 CAP_1_21_4
Added Member To Class: ClassName=BoardPower Member=Component D1 SCHOTTKY DIODE
Added Member To Class: ClassName=BoardPower Member=Component D2 SCHOTTKY DIODE
Added Member To Class: ClassName=BoardPower Member=Component L1 INDUCTOR
Added Member To Class: ClassName=Master Member=Component P1 MHDR1X14
Added Member To Class: ClassName=Master Member=Component P2 MHDR1X14
Added Member To Class: ClassName=Master Member=Component P3 Header 10X2
Added Member To Class: ClassName=Master Member=Component P4 MHDR1X3
Added Member To Class: ClassName=BoardPower Member=Component R1 RES_9
Added Member To Class: ClassName=BoardPower Member=Component R2 RES_38
Added Member To Class: ClassName=BoardPower Member=Component R3 RES_11
Added Member To Class: ClassName=BoardPower Member=Component R4 RES_49
Added Member To Class: ClassName=BoardPower Member=Component R5 RES_32
Added Member To Class: ClassName=BoardPower Member=Component U1 L7986ATR
Added Member To Class: ClassName=Serial Member=Component U2 MAX232N
Added Room: Name=BoardPower
Added Room: Name=Master
Added Room: Name=Serial
